08:59:53 [@astrojs/cloudflare] Enabling sessions with Cloudflare KV for production with the "SESSION" KV binding.
08:59:53 [@astrojs/cloudflare] If you see the error "Invalid binding `SESSION`" in your build output, you need to add the binding to your wrangler config file.
08:59:53 [content] Syncing content
08:59:53 [content] Synced content
08:59:53 [types] Generated 41ms
08:59:53 [build] output: "server"
08:59:53 [build] mode: "server"
08:59:53 [build] directory: /Volumes/Projects/workers/9to5/dist/
08:59:53 [build] adapter: @astrojs/cloudflare
08:59:53 [build] Collecting build info...
08:59:53 [build] ✓ Completed in 119ms.
08:59:53 [build] Building server entrypoints...
08:59:55 [ERROR] [vite] ✗ Build failed in 2.27s
Syntax error "`"
  Location:
    /Volumes/Projects/workers/9to5/src/pages/admin/applicant.astro:155:27
  Stack trace:
    at failureErrorWithLog (/Volumes/Projects/workers/9to5/node_modules/.pnpm/esbuild@0.25.9/node_modules/esbuild/lib/main.js:1467:15)
    at responseCallbacks.<computed> (/Volumes/Projects/workers/9to5/node_modules/.pnpm/esbuild@0.25.9/node_modules/esbuild/lib/main.js:603:9)
    at Socket.readFromStdout (/Volumes/Projects/workers/9to5/node_modules/.pnpm/esbuild@0.25.9/node_modules/esbuild/lib/main.js:581:7)
    at Socket.emit (node:domain:489:12)
    at readableAddChunkPushByteMode (node:internal/streams/readable:510:3)
